<?xml version="1.0" encoding="UTF-8"?>
<testsuite name="HVL.Scheduler.SimulationTest" tests="2" skipped="0" failures="0" errors="0" timestamp="2024-09-17T12:17:19" hostname="158-37-228-158.hvl.no" time="0.019">
  <properties/>
  <testcase name="testNSJF()" classname="HVL.Scheduler.SimulationTest" time="0.015"/>
  <testcase name="testRR()" classname="HVL.Scheduler.SimulationTest" time="0.003"/>
  <system-out><![CDATA[]]></system-out>
  <system-err><![CDATA[]]></system-err>
</testsuite>
